<?xml version="1.0" encoding="UTF-8"?>
<testsuite xmlns:xsi="http://www.w3.org/2001/XMLSchema-instance" xsi:noNamespaceSchemaLocation="https://maven.apache.org/surefire/maven-surefire-plugin/xsd/surefire-test-report-3.0.xsd" version="3.0" name="mtsPageObjectTest" time="16.944" tests="6" errors="0" skipped="0" failures="0">
  <properties>
[...]
</properties>
  <testcase name="b_logoCheckTest" classname="mtsPageObjectTest" time="0.665">
    <system-out><![CDATA[Окно с куки не найденоExpected condition failed: waiting for visibility of element located by By.className: cookie__wrapper (tried for 5 second(s) with 500 milliseconds interval)
Build info: version: '3.141.59', revision: 'e82be7d358', time: '2018-11-14T08:17:03'
System info: host: 'MIXAIL', ip: '192.168.31.93', os.name: 'Windows 10', os.arch: 'amd64', os.version: '10.0', java.version: '1.8.0_401'
Driver info: org.openqa.selenium.chrome.ChromeDriver
Capabilities {acceptInsecureCerts: false, browserName: chrome, browserVersion: 129.0.6668.89, chrome: {chromedriverVersion: 129.0.6668.70 (df87d5cf12b1..., userDataDir: C:\Users\8FEE~1\AppData\Loc...}, fedcm:accounts: true, goog:chromeOptions: {debuggerAddress: localhost:55792}, javascriptEnabled: true, networkConnectionEnabled: false, pageLoadStrategy: normal, platform: WINDOWS, platformName: WINDOWS, proxy: Proxy(), setWindowRect: true, strictFileInteractability: false, timeouts: {implicit: 0, pageLoad: 300000, script: 30000}, unhandledPromptBehavior: dismiss and notify, webauthn:extension:credBlob: true, webauthn:extension:largeBlob: true, webauthn:extension:minPinLength: true, webauthn:extension:prf: true, webauthn:virtualAuthenticators: true}
Session ID: 08fdcffdfc7b369699fde64b7b387d5b
Логотип https://www.mts.by/local/templates/new_design/assets/html/images/pages/index/pay/visa.svg совпадает с https://www.mts.by/local/templates/new_design/assets/html/images/pages/index/pay/visa.svg

Логотип https://www.mts.by/local/templates/new_design/assets/html/images/pages/index/pay/visa-verified.svg совпадает с https://www.mts.by/local/templates/new_design/assets/html/images/pages/index/pay/visa-verified.svg

Логотип https://www.mts.by/local/templates/new_design/assets/html/images/pages/index/pay/mastercard.svg совпадает с https://www.mts.by/local/templates/new_design/assets/html/images/pages/index/pay/mastercard.svg

Логотип https://www.mts.by/local/templates/new_design/assets/html/images/pages/index/pay/mastercard-secure.svg совпадает с https://www.mts.by/local/templates/new_design/assets/html/images/pages/index/pay/mastercard-secure.svg

Логотип https://www.mts.by/local/templates/new_design/assets/html/images/pages/index/pay/belkart.svg совпадает с https://www.mts.by/local/templates/new_design/assets/html/images/pages/index/pay/belkart.svg

]]></system-out>
    <system-err><![CDATA[SLF4J: Failed to load class "org.slf4j.impl.StaticLoggerBinder".
SLF4J: Defaulting to no-operation (NOP) logger implementation
SLF4J: See http://www.slf4j.org/codes.html#StaticLoggerBinder for further details.
Starting ChromeDriver 129.0.6668.70 (df87d5cf12b1397be7495a04cab2db6239b227a8-refs/branch-heads/6668@{#1420}) on port 21178
Only local connections are allowed.
Please see https://chromedriver.chromium.org/security-considerations for suggestions on keeping ChromeDriver safe.
ChromeDriver was started successfully on port 21178.
окт 02, 2024 7:31:24 PM org.openqa.selenium.remote.ProtocolHandshake createSession
INFO: Detected dialect: W3C
]]></system-err>
  </testcase>
  <testcase name="c_linkTest" classname="mtsPageObjectTest" time="1.636">
    <system-out><![CDATA[Переход по ссылке успешно проведён

]]></system-out>
  </testcase>
  <testcase name="d_captionFieldTest" classname="mtsPageObjectTest" time="1.035">
    <system-out><![CDATA[Надпись в поле Номер телефона совпала с Номер телефона
Надпись в поле Сумма совпала с Сумма
Надпись в поле E-mail для отправки чека совпала с E-mail для отправки чека
Надпись в поле Номер абонента совпала с Номер абонента
Надпись в поле Сумма совпала с Сумма
Надпись в поле E-mail для отправки чека совпала с E-mail для отправки чека
Надпись в поле Номер счета на 44 совпала с Номер счета на 44
Надпись в поле Сумма совпала с Сумма
Надпись в поле E-mail для отправки чека совпала с E-mail для отправки чека
Надпись в поле Номер счета на 2073 совпала с Номер счета на 2073
Надпись в поле Сумма совпала с Сумма
Надпись в поле E-mail для отправки чека совпала с E-mail для отправки чека

]]></system-out>
  </testcase>
  <testcase name="e_FieldsAndButtons" classname="mtsPageObjectTest" time="3.488">
    <system-out><![CDATA[

]]></system-out>
  </testcase>
  <testcase name="f_fieldsOfCardTest" classname="mtsPageObjectTest" time="0.253">
    <system-out><![CDATA[Надпись в поле Номер карты совпала с Номер карты

Надпись в поле Срок действия совпала с Срок действия

Надпись в поле CVC совпала с CVC

Надпись в поле Имя держателя (как на карте) совпала с Имя держателя (как на карте)

]]></system-out>
  </testcase>
  <testcase name="g_cardImgTest" classname="mtsPageObjectTest" time="0.476">
    <system-out><![CDATA[Логотип https://checkout.bepaid.by/widget_v2/assets/images/payment-icons/card-types/visa-system.svg совпадает с https://checkout.bepaid.by/widget_v2/assets/images/payment-icons/card-types/visa-system.svg

Логотип https://checkout.bepaid.by/widget_v2/assets/images/payment-icons/card-types/mastercard-system.svg совпадает с https://checkout.bepaid.by/widget_v2/assets/images/payment-icons/card-types/mastercard-system.svg

Логотип https://checkout.bepaid.by/widget_v2/assets/images/payment-icons/card-types/belkart-system.svg совпадает с https://checkout.bepaid.by/widget_v2/assets/images/payment-icons/card-types/belkart-system.svg

Логотип https://checkout.bepaid.by/widget_v2/assets/images/payment-icons/card-types/maestro-system.svg совпадает с https://checkout.bepaid.by/widget_v2/assets/images/payment-icons/card-types/maestro-system.svg

Логотип https://checkout.bepaid.by/widget_v2/assets/images/payment-icons/card-types/mir-system-ru.svg совпадает с https://checkout.bepaid.by/widget_v2/assets/images/payment-icons/card-types/mir-system-ru.svg

]]></system-out>
  </testcase>
</testsuite>